PLINK v1.9.0-b.8 64-bit (22 Oct 2024)
Options in effect:
  --allow-no-sex
  --bfile data/qc_passed
  --logistic
  --out results/association_results
  --pheno data/phenotypes.txt

Hostname: Poulami
Working directory: /mnt/c/Users/poula/Downloads/mini_projects/Germline-Variant-QC-BRCA
Start time: Wed May  6 09:24:14 2026

Random number seed: 1778055854
7639 MB RAM detected; reserving 3819 MB for main workspace.
69055 variants loaded from .bim file.
2504 people (0 males, 0 females, 2504 ambiguous) loaded from .fam.
Ambiguous sex IDs written to results/association_results.nosex .
2504 phenotype values present after --pheno.
Using 1 thread (no multithreaded calculations invoked).
Before main variant filters, 2504 founders and 0 nonfounders present.
Calculating allele frequencies... done.
Total genotyping rate is 0.999933.
69055 variants and 2504 people pass filters and QC.
Among remaining phenotypes, 1252 are cases and 1252 are controls.
Writing logistic model association results to
results/association_results.assoc.logistic ... done.

End time: Wed May  6 09:24:18 2026
